<?xml version="1.0" encoding="UTF-8"?>
<!-- Generated by org.testng.reporters.JUnitXMLReporter -->
<testsuite ignored="0" hostname="Mohammeds-MacBook-Air.local" failures="0" tests="2" name="smoke test" time="0.466" errors="0" timestamp="2022-07-10T13:31:18 EDT">
  <testcase classname="io.cucumber.testng.AbstractTestNGCucumberTests" name="runScenario" time="0.076"/>
  <testcase classname="io.cucumber.testng.AbstractTestNGCucumberTests" name="runScenario" time="0.013"/>
</testsuite> <!-- smoke test -->
