<?xml version="1.0" encoding="UTF-8"?>
<testng-results ignored="0" total="2" passed="2" failed="0" skipped="0">
  <reporter-output>
  </reporter-output>
  <suite started-at="2022-07-10T13:36:42 EDT" name="com.careerhack.runners.TestRunner" finished-at="2022-07-10T13:36:43 EDT" duration-ms="501">
    <groups>
      <group name="cucumber">
        <method signature="AbstractTestNGCucumberTests.runScenario(io.cucumber.testng.PickleWrapper,io.cucumber.testng.FeatureWrapper)[pri:0, instance:com.careerhack.runners.TestRunner@158d2680]" name="runScenario" class="io.cucumber.testng.AbstractTestNGCucumberTests"/>
      </group> <!-- cucumber -->
    </groups>
    <test started-at="2022-07-10T13:36:42 EDT" name="Command line test" finished-at="2022-07-10T13:36:43 EDT" duration-ms="501">
      <class name="com.careerhack.runners.TestRunner">
        <test-method is-config="true" signature="setUpClass(org.testng.ITestContext)[pri:0, instance:com.careerhack.runners.TestRunner@158d2680]" started-at="2022-07-10T13:36:42 EDT" name="setUpClass" finished-at="2022-07-10T13:36:43 EDT" duration-ms="360" status="PASS">
          <params>
            <param index="0">
              <value>
                <![CDATA[org.testng.TestRunner@4dd02341]]>
              </value>
            </param>
          </params>
          <reporter-output>
          </reporter-output>
        </test-method> <!-- setUpClass -->
        <test-method signature="runScenario(io.cucumber.testng.PickleWrapper,io.cucumber.testng.FeatureWrapper)[pri:0, instance:com.careerhack.runners.TestRunner@158d2680]" started-at="2022-07-10T13:36:43 EDT" name="runScenario" description="Runs Cucumber Scenarios" data-provider="scenarios" finished-at="2022-07-10T13:36:43 EDT" duration-ms="73" status="PASS">
          <params>
            <param index="0">
              <value>
                <![CDATA["simple search"]]>
              </value>
            </param>
            <param index="1">
              <value>
                <![CDATA["Perform google search"]]>
              </value>
            </param>
          </params>
          <reporter-output>
          </reporter-output>
        </test-method> <!-- runScenario -->
        <test-method signature="runScenario(io.cucumber.testng.PickleWrapper,io.cucumber.testng.FeatureWrapper)[pri:0, instance:com.careerhack.runners.TestRunner@158d2680]" started-at="2022-07-10T13:36:43 EDT" name="runScenario" description="Runs Cucumber Scenarios" data-provider="scenarios" finished-at="2022-07-10T13:36:43 EDT" duration-ms="10" status="PASS">
          <params>
            <param index="0">
              <value>
                <![CDATA["simple search"]]>
              </value>
            </param>
            <param index="1">
              <value>
                <![CDATA["Perform google search"]]>
              </value>
            </param>
          </params>
          <reporter-output>
          </reporter-output>
        </test-method> <!-- runScenario -->
        <test-method is-config="true" signature="tearDownClass()[pri:0, instance:com.careerhack.runners.TestRunner@158d2680]" started-at="2022-07-10T13:36:43 EDT" name="tearDownClass" finished-at="2022-07-10T13:36:43 EDT" duration-ms="14" status="PASS">
          <reporter-output>
          </reporter-output>
        </test-method> <!-- tearDownClass -->
      </class> <!-- com.careerhack.runners.TestRunner -->
    </test> <!-- Command line test -->
  </suite> <!-- com.careerhack.runners.TestRunner -->
</testng-results>
